[09-Jan-2026 12:03:45 UTC] WordPress database error Table 'local.wp_ngg_gallery' doesn't exist for query SHOW COLUMNS FROM `wp_ngg_gallery` made by activate_plugin, plugin_sandbox_scrape, include_once('/plugins/nextgen-gallery/nggallery.php'), C_NextGEN_Bootstrap->__construct, Imagely\NGG\Migrations\AddGalleryDates::migrate
[09-Jan-2026 12:03:45 UTC] WordPress database error Table 'local.wp_ngg_gallery' doesn't exist for query ALTER TABLE `wp_ngg_gallery` ADD COLUMN `date_created` DATETIME made by activate_plugin, plugin_sandbox_scrape, include_once('/plugins/nextgen-gallery/nggallery.php'), C_NextGEN_Bootstrap->__construct, Imagely\NGG\Migrations\AddGalleryDates::migrate
[09-Jan-2026 12:03:45 UTC] WordPress database error Table 'local.wp_ngg_gallery' doesn't exist for query ALTER TABLE `wp_ngg_gallery` ADD COLUMN `date_modified` DATETIME made by activate_plugin, plugin_sandbox_scrape, include_once('/plugins/nextgen-gallery/nggallery.php'), C_NextGEN_Bootstrap->__construct, Imagely\NGG\Migrations\AddGalleryDates::migrate
[09-Jan-2026 12:03:45 UTC] WordPress database error Table 'local.wp_ngg_album' doesn't exist for query SHOW COLUMNS FROM `wp_ngg_album` made by activate_plugin, plugin_sandbox_scrape, include_once('/plugins/nextgen-gallery/nggallery.php'), C_NextGEN_Bootstrap->__construct, Imagely\NGG\Migrations\AddGalleryDates::migrate
[09-Jan-2026 12:03:45 UTC] WordPress database error Table 'local.wp_ngg_album' doesn't exist for query ALTER TABLE `wp_ngg_album` ADD COLUMN `date_created` DATETIME made by activate_plugin, plugin_sandbox_scrape, include_once('/plugins/nextgen-gallery/nggallery.php'), C_NextGEN_Bootstrap->__construct, Imagely\NGG\Migrations\AddGalleryDates::migrate
[09-Jan-2026 12:03:45 UTC] WordPress database error Table 'local.wp_ngg_album' doesn't exist for query ALTER TABLE `wp_ngg_album` ADD COLUMN `date_modified` DATETIME made by activate_plugin, plugin_sandbox_scrape, include_once('/plugins/nextgen-gallery/nggallery.php'), C_NextGEN_Bootstrap->__construct, Imagely\NGG\Migrations\AddGalleryDates::migrate
[09-Jan-2026 12:03:45 UTC] WordPress database error Table 'local.wp_ngg_gallery' doesn't exist for query UPDATE `wp_ngg_gallery` g INNER JOIN `wp_posts` p ON p.ID = g.extras_post_id SET g.date_created = CASE WHEN p.post_modified_gmt = "0000-00-00 00:00:00" THEN p.post_modified ELSE p.post_modified_gmt END, g.date_modified = CASE WHEN p.post_modified_gmt = "0000-00-00 00:00:00" THEN p.post_modified ELSE p.post_modified_gmt END made by activate_plugin, plugin_sandbox_scrape, include_once('/plugins/nextgen-gallery/nggallery.php'), C_NextGEN_Bootstrap->__construct, Imagely\NGG\Migrations\AddGalleryDates::migrate
[09-Jan-2026 12:03:45 UTC] WordPress database error Table 'local.wp_ngg_album' doesn't exist for query UPDATE `wp_ngg_album` a INNER JOIN `wp_posts` p ON p.ID = a.extras_post_id SET a.date_created = CASE WHEN p.post_modified_gmt = "0000-00-00 00:00:00" THEN p.post_modified ELSE p.post_modified_gmt END, a.date_modified = CASE WHEN p.post_modified_gmt = "0000-00-00 00:00:00" THEN p.post_modified ELSE p.post_modified_gmt END made by activate_plugin, plugin_sandbox_scrape, include_once('/plugins/nextgen-gallery/nggallery.php'), C_NextGEN_Bootstrap->__construct, Imagely\NGG\Migrations\AddGalleryDates::migrate
[06-Apr-2026 10:28:52 UTC] PHP Fatal error:  Uncaught Error: Call to undefined function get_stylesheet_directory_url() in E:\Projects\Unikko\LocalWP\app\public\wp-content\themes\unikko\global-templates\navbar-cust.php:34
Stack trace:
#0 E:\Projects\Unikko\LocalWP\app\public\wp-includes\template.php(816): require()
#1 E:\Projects\Unikko\LocalWP\app\public\wp-includes\template.php(749): load_template('E:\\Projects\\Uni...', false, Array)
#2 E:\Projects\Unikko\LocalWP\app\public\wp-includes\general-template.php(206): locate_template(Array, true, false, Array)
#3 E:\Projects\Unikko\LocalWP\app\public\wp-content\themes\unikko\header.php(36): get_template_part('global-template...')
#4 E:\Projects\Unikko\LocalWP\app\public\wp-includes\template.php(814): require_once('E:\\Projects\\Uni...')
#5 E:\Projects\Unikko\LocalWP\app\public\wp-includes\template.php(749): load_template('E:\\Projects\\Uni...', true, Array)
#6 E:\Projects\Unikko\LocalWP\app\public\wp-includes\general-template.php(48): locate_template(Array, true, true, Array)
#7 E:\Projects\Unikko\LocalWP\app\public\wp-content\themes\unikko\page.php(16): get_header()
#8 E:\Projects\Unikko\LocalWP\app\public\wp-includes\template-loader.php(125): include('E:\\Projects\\Uni...')
#9 E:\Projects\Unikko\LocalWP\app\public\wp-blog-header.php(19): require_once('E:\\Projects\\Uni...')
#10 E:\Projects\Unikko\LocalWP\app\public\index.php(17): require('E:\\Projects\\Uni...')
#11 {main}
  thrown in E:\Projects\Unikko\LocalWP\app\public\wp-content\themes\unikko\global-templates\navbar-cust.php on line 34
[06-Apr-2026 10:28:52 UTC] PHP Fatal error:  Uncaught Error: Call to undefined function get_stylesheet_directory_url() in E:\Projects\Unikko\LocalWP\app\public\wp-content\themes\unikko\global-templates\navbar-cust.php:34
Stack trace:
#0 E:\Projects\Unikko\LocalWP\app\public\wp-includes\template.php(816): require()
#1 E:\Projects\Unikko\LocalWP\app\public\wp-includes\template.php(749): load_template('E:\\Projects\\Uni...', false, Array)
#2 E:\Projects\Unikko\LocalWP\app\public\wp-includes\general-template.php(206): locate_template(Array, true, false, Array)
#3 E:\Projects\Unikko\LocalWP\app\public\wp-content\themes\unikko\header.php(36): get_template_part('global-template...')
#4 E:\Projects\Unikko\LocalWP\app\public\wp-includes\template.php(814): require_once('E:\\Projects\\Uni...')
#5 E:\Projects\Unikko\LocalWP\app\public\wp-includes\template.php(749): load_template('E:\\Projects\\Uni...', true, Array)
#6 E:\Projects\Unikko\LocalWP\app\public\wp-includes\general-template.php(48): locate_template(Array, true, true, Array)
#7 E:\Projects\Unikko\LocalWP\app\public\wp-content\themes\unikko\page.php(16): get_header()
#8 E:\Projects\Unikko\LocalWP\app\public\wp-includes\template-loader.php(125): include('E:\\Projects\\Uni...')
#9 E:\Projects\Unikko\LocalWP\app\public\wp-blog-header.php(19): require_once('E:\\Projects\\Uni...')
#10 E:\Projects\Unikko\LocalWP\app\public\index.php(17): require('E:\\Projects\\Uni...')
#11 {main}
  thrown in E:\Projects\Unikko\LocalWP\app\public\wp-content\themes\unikko\global-templates\navbar-cust.php on line 34
[06-Apr-2026 10:28:52 UTC] PHP Fatal error:  Uncaught Error: Call to undefined function get_stylesheet_directory_url() in E:\Projects\Unikko\LocalWP\app\public\wp-content\themes\unikko\global-templates\navbar-cust.php:34
Stack trace:
#0 E:\Projects\Unikko\LocalWP\app\public\wp-includes\template.php(816): require()
#1 E:\Projects\Unikko\LocalWP\app\public\wp-includes\template.php(749): load_template('E:\\Projects\\Uni...', false, Array)
#2 E:\Projects\Unikko\LocalWP\app\public\wp-includes\general-template.php(206): locate_template(Array, true, false, Array)
#3 E:\Projects\Unikko\LocalWP\app\public\wp-content\themes\unikko\header.php(36): get_template_part('global-template...')
#4 E:\Projects\Unikko\LocalWP\app\public\wp-includes\template.php(814): require_once('E:\\Projects\\Uni...')
#5 E:\Projects\Unikko\LocalWP\app\public\wp-includes\template.php(749): load_template('E:\\Projects\\Uni...', true, Array)
#6 E:\Projects\Unikko\LocalWP\app\public\wp-includes\general-template.php(48): locate_template(Array, true, true, Array)
#7 E:\Projects\Unikko\LocalWP\app\public\wp-content\themes\understrap\404.php(11): get_header()
#8 E:\Projects\Unikko\LocalWP\app\public\wp-includes\template-loader.php(125): include('E:\\Projects\\Uni...')
#9 E:\Projects\Unikko\LocalWP\app\public\wp-blog-header.php(19): require_once('E:\\Projects\\Uni...')
#10 E:\Projects\Unikko\LocalWP\app\public\index.php(17): require('E:\\Projects\\Uni...')
#11 {main}
  thrown in E:\Projects\Unikko\LocalWP\app\public\wp-content\themes\unikko\global-templates\navbar-cust.php on line 34
[06-Apr-2026 10:28:57 UTC] PHP Fatal error:  Uncaught Error: Call to undefined function get_stylesheet_directory_url() in E:\Projects\Unikko\LocalWP\app\public\wp-content\themes\unikko\global-templates\navbar-cust.php:34
Stack trace:
#0 E:\Projects\Unikko\LocalWP\app\public\wp-includes\template.php(816): require()
#1 E:\Projects\Unikko\LocalWP\app\public\wp-includes\template.php(749): load_template('E:\\Projects\\Uni...', false, Array)
#2 E:\Projects\Unikko\LocalWP\app\public\wp-includes\general-template.php(206): locate_template(Array, true, false, Array)
#3 E:\Projects\Unikko\LocalWP\app\public\wp-content\themes\unikko\header.php(36): get_template_part('global-template...')
#4 E:\Projects\Unikko\LocalWP\app\public\wp-includes\template.php(814): require_once('E:\\Projects\\Uni...')
#5 E:\Projects\Unikko\LocalWP\app\public\wp-includes\template.php(749): load_template('E:\\Projects\\Uni...', true, Array)
#6 E:\Projects\Unikko\LocalWP\app\public\wp-includes\general-template.php(48): locate_template(Array, true, true, Array)
#7 E:\Projects\Unikko\LocalWP\app\public\wp-content\themes\understrap\404.php(11): get_header()
#8 E:\Projects\Unikko\LocalWP\app\public\wp-includes\template-loader.php(125): include('E:\\Projects\\Uni...')
#9 E:\Projects\Unikko\LocalWP\app\public\wp-blog-header.php(19): require_once('E:\\Projects\\Uni...')
#10 E:\Projects\Unikko\LocalWP\app\public\index.php(17): require('E:\\Projects\\Uni...')
#11 {main}
  thrown in E:\Projects\Unikko\LocalWP\app\public\wp-content\themes\unikko\global-templates\navbar-cust.php on line 34
[06-Apr-2026 10:28:58 UTC] PHP Fatal error:  Uncaught Error: Call to undefined function get_stylesheet_directory_url() in E:\Projects\Unikko\LocalWP\app\public\wp-content\themes\unikko\global-templates\navbar-cust.php:34
Stack trace:
#0 E:\Projects\Unikko\LocalWP\app\public\wp-includes\template.php(816): require()
#1 E:\Projects\Unikko\LocalWP\app\public\wp-includes\template.php(749): load_template('E:\\Projects\\Uni...', false, Array)
#2 E:\Projects\Unikko\LocalWP\app\public\wp-includes\general-template.php(206): locate_template(Array, true, false, Array)
#3 E:\Projects\Unikko\LocalWP\app\public\wp-content\themes\unikko\header.php(36): get_template_part('global-template...')
#4 E:\Projects\Unikko\LocalWP\app\public\wp-includes\template.php(814): require_once('E:\\Projects\\Uni...')
#5 E:\Projects\Unikko\LocalWP\app\public\wp-includes\template.php(749): load_template('E:\\Projects\\Uni...', true, Array)
#6 E:\Projects\Unikko\LocalWP\app\public\wp-includes\general-template.php(48): locate_template(Array, true, true, Array)
#7 E:\Projects\Unikko\LocalWP\app\public\wp-content\themes\unikko\page.php(16): get_header()
#8 E:\Projects\Unikko\LocalWP\app\public\wp-includes\template-loader.php(125): include('E:\\Projects\\Uni...')
#9 E:\Projects\Unikko\LocalWP\app\public\wp-blog-header.php(19): require_once('E:\\Projects\\Uni...')
#10 E:\Projects\Unikko\LocalWP\app\public\index.php(17): require('E:\\Projects\\Uni...')
#11 {main}
  thrown in E:\Projects\Unikko\LocalWP\app\public\wp-content\themes\unikko\global-templates\navbar-cust.php on line 34
[06-Apr-2026 10:28:58 UTC] PHP Fatal error:  Uncaught Error: Call to undefined function get_stylesheet_directory_url() in E:\Projects\Unikko\LocalWP\app\public\wp-content\themes\unikko\global-templates\navbar-cust.php:34
Stack trace:
#0 E:\Projects\Unikko\LocalWP\app\public\wp-includes\template.php(816): require()
#1 E:\Projects\Unikko\LocalWP\app\public\wp-includes\template.php(749): load_template('E:\\Projects\\Uni...', false, Array)
#2 E:\Projects\Unikko\LocalWP\app\public\wp-includes\general-template.php(206): locate_template(Array, true, false, Array)
#3 E:\Projects\Unikko\LocalWP\app\public\wp-content\themes\unikko\header.php(36): get_template_part('global-template...')
#4 E:\Projects\Unikko\LocalWP\app\public\wp-includes\template.php(814): require_once('E:\\Projects\\Uni...')
#5 E:\Projects\Unikko\LocalWP\app\public\wp-includes\template.php(749): load_template('E:\\Projects\\Uni...', true, Array)
#6 E:\Projects\Unikko\LocalWP\app\public\wp-includes\general-template.php(48): locate_template(Array, true, true, Array)
#7 E:\Projects\Unikko\LocalWP\app\public\wp-content\themes\understrap\404.php(11): get_header()
#8 E:\Projects\Unikko\LocalWP\app\public\wp-includes\template-loader.php(125): include('E:\\Projects\\Uni...')
#9 E:\Projects\Unikko\LocalWP\app\public\wp-blog-header.php(19): require_once('E:\\Projects\\Uni...')
#10 E:\Projects\Unikko\LocalWP\app\public\index.php(17): require('E:\\Projects\\Uni...')
#11 {main}
  thrown in E:\Projects\Unikko\LocalWP\app\public\wp-content\themes\unikko\global-templates\navbar-cust.php on line 34
